ENV:
  loss:
    soft_contact: False
    target_path: envs/assets/Chopsticks3D-v1.npy
    weight:
      contact: 1
      density: 10
      sdf: 10
  n_observed_particles: 200
PRIMITIVES: [{'shape': 'Capsule', 'h': 0.2, 'r': 0.045, 'init_pos': '(0.35, 0.4, 0.5)', 'init_rot': '(1., 0., 0., 0.)', 'color': '(0.8, 0.8, 0.8)', 'friction': 1.0, 'action': {'dim': 6, 'scale': '(0.02, 0.02, 0.02, 0.04, 0.04, 0.04)'}}, {'shape': 'Capsule', 'h': 0.2, 'r': 0.045, 'init_pos': '(0.65, 0.4, 0.5)', 'init_rot': '(1., 0., 0., 0.)', 'color': '(0.8, 0.8, 0.8)', 'friction': 1.0, 'action': {'dim': 6, 'scale': '(0.02, 0.02, 0.02, 0.04, 0.04, 0.04)'}}, {'shape': 'Capsule', 'h': 0.13, 'r': 0.025, 'init_pos': '(0.5, 0.1, 0.5)', 'init_rot': '(1., 0., 0., 0.)', 'color': '(0.2, 0.2, 0.2)', 'friction': 15.0}]
RENDERER:
  bake_size: 6
  camera_pos: (0.5, 1.2, 4.0)
  camera_pos_1: (0.5, 2.5, 2.2)
  camera_pos_2: (0.5, 2.5, 2.2)
  camera_pos_3: (0.5, 2.5, 2.2)
  camera_pos_4: (0.5, 2.5, 2.2)
  camera_rot: (0.2, 0)
  camera_rot_1: (0.8, 0.0)
  camera_rot_2: (0.8, 0.0)
  camera_rot_3: (0.8, 0.0)
  camera_rot_4: (0.8, 0.0)
  dx: 0.006666666666666667
  image_res: (512, 512)
  light_direction: (2.0, 1.0, 0.7)
  max_num_particles: 1000000
  max_ray_depth: 2
  sdf_threshold: 0.20720000000000002
  spp: 50
  target_res: (64, 64, 64)
  use_directional_light: False
  use_roulette: False
  voxel_res: (168, 168, 168)
SHAPES: [{'shape': 'box', 'width': '(0.25, 0.2, 0.25)', 'init_pos': '(0.5, 0.1, 0.5)', 'n_particles': 20000, 'color': '((150<<8)+ (150<<16))'}]
SIMULATOR:
  E: 5000.0
  dim: 3
  dtype: float64
  gravity: (0, -5, 0)
  ground_friction: 100.0
  max_steps: 1024
  n_particles: 9000
  nu: 0.2
  quality: 1
  yield_stress: 4000.0
VARIANTS: [{'ENV': {'loss': {'target_path': 'envs/assets/gripper-v1.npy'}}}]
Building primitive
action:
  dim: 6
  scale: (0.02, 0.02, 0.02, 0.04, 0.04, 0.04)
color: (0.8, 0.8, 0.8)
friction: 1.0
h: 0.2
init_pos: (0.35, 0.4, 0.5)
init_rot: (1.0, 0.0, 0.0, 0.0)
lower_bound: (0.0, 0.0, 0.0)
r: 0.045
shape: Capsule
upper_bound: (1.0, 1.0, 1.0)
variations: None
Building primitive
action:
  dim: 6
  scale: (0.02, 0.02, 0.02, 0.04, 0.04, 0.04)
color: (0.8, 0.8, 0.8)
friction: 1.0
h: 0.2
init_pos: (0.65, 0.4, 0.5)
init_rot: (1.0, 0.0, 0.0, 0.0)
lower_bound: (0.0, 0.0, 0.0)
r: 0.045
shape: Capsule
upper_bound: (1.0, 1.0, 1.0)
variations: None
Building primitive
action:
  dim: 0
  scale: ()
color: (0.2, 0.2, 0.2)
friction: 15.0
h: 0.13
init_pos: (0.5, 0.1, 0.5)
init_rot: (1.0, 0.0, 0.0, 0.0)
lower_bound: (0.0, 0.0, 0.0)
r: 0.025
shape: Capsule
upper_bound: (1.0, 1.0, 1.0)
variations: None
{'width': (0.25, 0.2, 0.25), 'init_pos': (0.5, 0.1, 0.5), 'n_particles': 20000, 'color': 9868800}
Initialize Renderer
bake_size: 6  
camera_pos: (0.5, 1.2, 4.0)  
camera_pos_1: (0.5, 2.5, 2.2)  
camera_pos_2: (0.5, 2.5, 2.2)  
camera_pos_3: (0.5, 2.5, 2.2)  
camera_pos_4: (0.5, 2.5, 2.2)  
camera_rot: (0.2, 0)  
camera_rot_1: (0.8, 0.0)  
camera_rot_2: (0.8, 0.0)  
camera_rot_3: (0.8, 0.0)  
camera_rot_4: (0.8, 0.0)  
dx: 0.006666666666666667  
image_res: (512, 512)  
light_direction: (2.0, 1.0, 0.7)  
max_num_particles: 1000000  
max_ray_depth: 2  
sdf_threshold: 0.20720000000000002  
spp: 50  
target_res: (64, 64, 64)  
use_directional_light: False  
use_roulette: False  
voxel_res: (168, 168, 168)
[Taichi] materializing...
model_kp #params: 443560
GT shape: init pose: (1, 3, 11, 14); actions: (1, 3, 40, 12)
GT init pose: [[0.76359501 0.14       0.70473839 1.         0.         0.
  0.        ]
 [0.13751299 0.14       0.56262855 1.         0.         0.
  0.        ]
 [0.20403418 0.14       0.74794012 1.         0.         0.
  0.        ]]
=============== 1/2 ===============
[Open3D DEBUG] Input Points / Samples: 49783 / 31818
[Open3D DEBUG] #   Got kernel density: 0.548153 (s), 4431.63 (MB) / 4431.63 (MB) / 4479 (MB)
[Open3D DEBUG] #     Got normal field: 0.567098 (s), 4441.06 (MB) / 4441.06 (MB) / 4479 (MB)
[Open3D DEBUG] Point weight / Estimated Area: 1.997653e-05 / 9.944913e-01
[Open3D DEBUG] #       Finalized tree: 1.69765 (s), 4442.3 (MB) / 4442.3 (MB) / 4479 (MB)
[Open3D DEBUG] #  Set FEM constraints: 2.6678 (s), 4442.3 (MB) / 4442.3 (MB) / 4479 (MB)
[Open3D DEBUG] #Set point constraints: 1.13553 (s), 4442.3 (MB) / 4442.3 (MB) / 4479 (MB)
[Open3D DEBUG] Leaf Nodes / Active Nodes / Ghost Nodes: 336414 / 382016 / 2457
[Open3D DEBUG] Memory Usage: 4442.305 MB
[Open3D DEBUG] # Linear system solved: 13.5564 (s), 4444.32 (MB) / 4444.32 (MB) / 4479 (MB)
[Open3D DEBUG] Got average: 0.355191 (s), 4444.32 (MB) / 4444.32 (MB) / 4479 (MB)
[Open3D DEBUG] Iso-Value: 4.966238e-01 = 2.472342e+04 / 4.978300e+04
[Open3D DEBUG] #          Total Solve:      78.4 (s),    4459.1 (MB)
TriangleMesh with 51100 points and 102188 triangles.
state_cur: torch.Size([4, 300, 3]), state_goal: torch.Size([1, 300, 3])
sampling: max: -0.0265, mean: -0.0396, std: 0.0055
Selected top reward seqs: tensor([-0.0317, -0.0317, -0.0317, -0.0316, -0.0315, -0.0314, -0.0309, -0.0309,
        -0.0308, -0.0307, -0.0306, -0.0301, -0.0295, -0.0287, -0.0283, -0.0283,
        -0.0282, -0.0278, -0.0269, -0.0265])
Batch 0/20:
reward seqs after 8 iterations: tensor([-0.0321], grad_fn=<CatBackward>)
Batch 1/20:
reward seqs after 9 iterations: tensor([-0.0314], grad_fn=<CatBackward>)
Batch 2/20:
reward seqs after 9 iterations: tensor([-0.0314], grad_fn=<CatBackward>)
Batch 3/20:
reward seqs after 13 iterations: tensor([-0.0318], grad_fn=<CatBackward>)
Batch 4/20:
reward seqs after 7 iterations: tensor([-0.0332], grad_fn=<CatBackward>)
Batch 5/20:
reward seqs after 9 iterations: tensor([-0.0288], grad_fn=<CatBackward>)
Batch 6/20:
reward seqs after 8 iterations: tensor([-0.0318], grad_fn=<CatBackward>)
Batch 7/20:
reward seqs after 10 iterations: tensor([-0.0311], grad_fn=<CatBackward>)
Batch 8/20:
reward seqs after 11 iterations: tensor([-0.0304], grad_fn=<CatBackward>)
Batch 9/20:
reward seqs after 12 iterations: tensor([-0.0283], grad_fn=<CatBackward>)
Batch 10/20:
reward seqs after 10 iterations: tensor([-0.0319], grad_fn=<CatBackward>)
Batch 11/20:
reward seqs after 4 iterations: tensor([-0.0288], grad_fn=<CatBackward>)
Batch 12/20:
reward seqs after 11 iterations: tensor([-0.0298], grad_fn=<CatBackward>)
Batch 13/20:
reward seqs after 18 iterations: tensor([-0.0279], grad_fn=<CatBackward>)
Batch 14/20:
reward seqs after 8 iterations: tensor([-0.0265], grad_fn=<CatBackward>)
Batch 15/20:
reward seqs after 29 iterations: tensor([-0.0292], grad_fn=<CatBackward>)
Batch 16/20:
reward seqs after 3 iterations: tensor([-0.0294], grad_fn=<CatBackward>)
Batch 17/20:
reward seqs after 13 iterations: tensor([-0.0291], grad_fn=<CatBackward>)
Batch 18/20:
reward seqs after 8 iterations: tensor([-0.0271], grad_fn=<CatBackward>)
Batch 19/20:
reward seqs after 10 iterations: tensor([-0.0275], grad_fn=<CatBackward>)
Loss: 0.02651819959282875
Optimal set of params:
mid_point: tensor([[0.5376, 0.1400, 0.5503],
        [0.5416, 0.1400, 0.5460]])
angle: tensor([0.8859, 3.1114], grad_fn=<SelectBackward>)
gripper_rate: tensor([0.0108, 0.0108], grad_fn=<ClampBackward1>)
Optimal init pose seq: tensor([[0.2845, 0.1400, 0.8601, 1.0000, 0.0000, 0.0000, 0.0000],
        [0.9414, 0.1400, 0.5581, 1.0000, 0.0000, 0.0000, 0.0000]],
       grad_fn=<SliceBackward>)
[Open3D DEBUG] Input Points / Samples: 51857 / 43976
[Open3D DEBUG] #   Got kernel density: 0.381121 (s), 6895.8 (MB) / 6895.8 (MB) / 6927 (MB)
[Open3D DEBUG] #     Got normal field: 0.52541 (s), 6905.38 (MB) / 6905.38 (MB) / 6927 (MB)
[Open3D DEBUG] Point weight / Estimated Area: 4.559311e-05 / 2.364322e+00
[Open3D DEBUG] #       Finalized tree: 1.68412 (s), 6906.48 (MB) / 6906.48 (MB) / 6927 (MB)
[Open3D DEBUG] #  Set FEM constraints: 2.86633 (s), 6906.48 (MB) / 6906.48 (MB) / 6927 (MB)
[Open3D DEBUG] #Set point constraints: 1.84222 (s), 6906.48 (MB) / 6906.48 (MB) / 6927 (MB)
[Open3D DEBUG] Leaf Nodes / Active Nodes / Ghost Nodes: 568261 / 569016 / 80425
[Open3D DEBUG] Memory Usage: 6906.484 MB
[Open3D DEBUG] # Linear system solved: 20.2438 (s), 6907.05 (MB) / 6907.05 (MB) / 6927 (MB)
[Open3D DEBUG] Got average: 0.543372 (s), 6907.31 (MB) / 6907.31 (MB) / 6927 (MB)
[Open3D DEBUG] Iso-Value: 5.013880e-01 = 2.600047e+04 / 5.185700e+04
[Open3D DEBUG] #          Total Solve:      90.9 (s),    6920.4 (MB)
TriangleMesh with 89388 points and 178748 triangles.
EMD: tensor([0.0405], dtype=torch.float64)
Chamfer: tensor([0.0379], dtype=torch.float64)
=============== Iteration 0 -> model_loss: tensor([0.0265]); sim_loss: tensor([0.0403], dtype=torch.float64) ===============
=============== 1/2 ===============
[Open3D DEBUG] Input Points / Samples: 49205 / 43355
[Open3D DEBUG] #   Got kernel density: 0.392458 (s), 6926.23 (MB) / 6926.23 (MB) / 6958 (MB)
[Open3D DEBUG] #     Got normal field: 0.344664 (s), 6929.61 (MB) / 6929.61 (MB) / 6958 (MB)
[Open3D DEBUG] Point weight / Estimated Area: 6.401413e-05 / 3.149815e+00
[Open3D DEBUG] #       Finalized tree: 1.94319 (s), 6929.84 (MB) / 6929.84 (MB) / 6958 (MB)
[Open3D DEBUG] #  Set FEM constraints: 2.84271 (s), 6929.84 (MB) / 6929.84 (MB) / 6958 (MB)
[Open3D DEBUG] #Set point constraints: 1.58741 (s), 6929.84 (MB) / 6929.84 (MB) / 6958 (MB)
[Open3D DEBUG] Leaf Nodes / Active Nodes / Ghost Nodes: 578138 / 519632 / 141097
[Open3D DEBUG] Memory Usage: 6929.836 MB
[Open3D DEBUG] # Linear system solved: 17.5604 (s), 6931.08 (MB) / 6931.08 (MB) / 6958 (MB)
[Open3D DEBUG] Got average: 0.42681 (s), 6931.08 (MB) / 6931.08 (MB) / 6958 (MB)
[Open3D DEBUG] Iso-Value: 5.042518e-01 = 2.481171e+04 / 4.920500e+04
[Open3D DEBUG] #          Total Solve:      92.1 (s),    6940.5 (MB)
TriangleMesh with 81835 points and 163476 triangles.
state_cur: torch.Size([4, 300, 3]), state_goal: torch.Size([1, 300, 3])
sampling: max: -0.0265, mean: -0.0384, std: 0.0050
Selected top reward seqs: tensor([-0.0319, -0.0318, -0.0317, -0.0316, -0.0315, -0.0311, -0.0309, -0.0306,
        -0.0306, -0.0305, -0.0305, -0.0304, -0.0302, -0.0300, -0.0299, -0.0298,
        -0.0295, -0.0285, -0.0285, -0.0265])
Batch 0/20:
reward seqs after 7 iterations: tensor([-0.0320], grad_fn=<CatBackward>)
Batch 1/20:
reward seqs after 6 iterations: tensor([-0.0311], grad_fn=<CatBackward>)
Batch 2/20:
reward seqs after 3 iterations: tensor([-0.0318], grad_fn=<CatBackward>)
Batch 3/20:
reward seqs after 26 iterations: tensor([-0.0315], grad_fn=<CatBackward>)
Batch 4/20:
reward seqs after 13 iterations: tensor([-0.0296], grad_fn=<CatBackward>)
Batch 5/20:
reward seqs after 16 iterations: tensor([-0.0280], grad_fn=<CatBackward>)
Batch 6/20:
reward seqs after 9 iterations: tensor([-0.0315], grad_fn=<CatBackward>)
Batch 7/20:
reward seqs after 13 iterations: tensor([-0.0305], grad_fn=<CatBackward>)
Batch 8/20:
reward seqs after 29 iterations: tensor([-0.0313], grad_fn=<CatBackward>)
Batch 9/20:
reward seqs after 17 iterations: tensor([-0.0300], grad_fn=<CatBackward>)
Batch 10/20:
reward seqs after 7 iterations: tensor([-0.0303], grad_fn=<CatBackward>)
Batch 11/20:
reward seqs after 4 iterations: tensor([-0.0287], grad_fn=<CatBackward>)
Batch 12/20:
reward seqs after 10 iterations: tensor([-0.0291], grad_fn=<CatBackward>)
Batch 13/20:
reward seqs after 8 iterations: tensor([-0.0290], grad_fn=<CatBackward>)
Batch 14/20:
reward seqs after 12 iterations: tensor([-0.0297], grad_fn=<CatBackward>)
Batch 15/20:
reward seqs after 6 iterations: tensor([-0.0301], grad_fn=<CatBackward>)
Batch 16/20:
reward seqs after 8 iterations: tensor([-0.0300], grad_fn=<CatBackward>)
Batch 17/20:
reward seqs after 9 iterations: tensor([-0.0290], grad_fn=<CatBackward>)
Batch 18/20:
reward seqs after 3 iterations: tensor([-0.0294], grad_fn=<CatBackward>)
Batch 19/20:
reward seqs after 10 iterations: tensor([-0.0263], grad_fn=<CatBackward>)
Loss: 0.026254069060087204
Optimal set of params:
mid_point: tensor([[0.5614, 0.1400, 0.5140],
        [0.5151, 0.1400, 0.4256]])
angle: tensor([0.1418, 2.4504], grad_fn=<SelectBackward>)
gripper_rate: tensor([0.0108, 0.0092], grad_fn=<ClampBackward1>)
Optimal init pose seq: tensor([[0.1654, 0.1400, 0.5706, 1.0000, 0.0000, 0.0000, 0.0000],
        [0.8233, 0.1400, 0.6806, 1.0000, 0.0000, 0.0000, 0.0000]],
       grad_fn=<SliceBackward>)
[Open3D DEBUG] Input Points / Samples: 52873 / 45683
[Open3D DEBUG] #   Got kernel density: 0.241585 (s), 6941.62 (MB) / 6941.62 (MB) / 6973 (MB)
[Open3D DEBUG] #     Got normal field: 0.376519 (s), 6945.14 (MB) / 6945.14 (MB) / 6973 (MB)
[Open3D DEBUG] Point weight / Estimated Area: 5.025116e-05 / 2.656929e+00
[Open3D DEBUG] #       Finalized tree: 1.77075 (s), 6945.76 (MB) / 6945.76 (MB) / 6973 (MB)
[Open3D DEBUG] #  Set FEM constraints: 2.38139 (s), 6945.76 (MB) / 6945.76 (MB) / 6973 (MB)
[Open3D DEBUG] #Set point constraints: 1.66421 (s), 6945.76 (MB) / 6945.76 (MB) / 6973 (MB)
[Open3D DEBUG] Leaf Nodes / Active Nodes / Ghost Nodes: 599040 / 583936 / 100681
[Open3D DEBUG] Memory Usage: 6945.758 MB
[Open3D DEBUG] # Linear system solved: 21.3856 (s), 6945.87 (MB) / 6945.87 (MB) / 6973 (MB)
[Open3D DEBUG] Got average: 0.499536 (s), 6945.87 (MB) / 6945.87 (MB) / 6973 (MB)
[Open3D DEBUG] Iso-Value: 5.034569e-01 = 2.661927e+04 / 5.287300e+04
[Open3D DEBUG] #          Total Solve:      98.1 (s),    6959.2 (MB)
TriangleMesh with 92395 points and 184724 triangles.
EMD: tensor([0.0360], dtype=torch.float64)
Chamfer: tensor([0.0390], dtype=torch.float64)
=============== Iteration 1 -> model_loss: tensor([0.0263]); sim_loss: tensor([0.0363], dtype=torch.float64) ===============
=============== 1/2 ===============
[Open3D DEBUG] Input Points / Samples: 52044 / 44065
[Open3D DEBUG] #   Got kernel density: 0.306043 (s), 6964.77 (MB) / 6964.77 (MB) / 6997 (MB)
[Open3D DEBUG] #     Got normal field: 0.710220 (s), 6969.23 (MB) / 6969.23 (MB) / 6997 (MB)
[Open3D DEBUG] Point weight / Estimated Area: 4.603576e-05 / 2.395885e+00
[Open3D DEBUG] #       Finalized tree: 1.90030 (s), 6969.54 (MB) / 6969.54 (MB) / 6997 (MB)
[Open3D DEBUG] #  Set FEM constraints: 3.02681 (s), 6969.54 (MB) / 6969.54 (MB) / 6997 (MB)
[Open3D DEBUG] #Set point constraints: 1.60122 (s), 6969.54 (MB) / 6969.54 (MB) / 6997 (MB)
[Open3D DEBUG] Leaf Nodes / Active Nodes / Ghost Nodes: 570144 / 569920 / 81673
[Open3D DEBUG] Memory Usage: 6969.539 MB
[Open3D DEBUG] # Linear system solved: 16.8326 (s), 6969.57 (MB) / 6969.57 (MB) / 6997 (MB)
[Open3D DEBUG] Got average: 0.419051 (s), 6969.57 (MB) / 6969.57 (MB) / 6997 (MB)
[Open3D DEBUG] Iso-Value: 5.018910e-01 = 2.612042e+04 / 5.204400e+04
[Open3D DEBUG] #          Total Solve:      91.6 (s),    6976.1 (MB)
TriangleMesh with 89750 points and 179484 triangles.
state_cur: torch.Size([4, 300, 3]), state_goal: torch.Size([1, 300, 3])
sampling: max: -0.0245, mean: -0.0391, std: 0.0054
Selected top reward seqs: tensor([-0.0318, -0.0317, -0.0315, -0.0314, -0.0313, -0.0312, -0.0310, -0.0309,
        -0.0307, -0.0303, -0.0300, -0.0300, -0.0298, -0.0295, -0.0291, -0.0290,
        -0.0282, -0.0280, -0.0273, -0.0245])
Batch 0/20:
reward seqs after 9 iterations: tensor([-0.0305], grad_fn=<CatBackward>)
Batch 1/20:
reward seqs after 8 iterations: tensor([-0.0331], grad_fn=<CatBackward>)
Batch 2/20:
reward seqs after 10 iterations: tensor([-0.0300], grad_fn=<CatBackward>)
Batch 3/20:
reward seqs after 10 iterations: tensor([-0.0316], grad_fn=<CatBackward>)
Batch 4/20:
reward seqs after 10 iterations: tensor([-0.0311], grad_fn=<CatBackward>)
Batch 5/20:
reward seqs after 8 iterations: tensor([-0.0302], grad_fn=<CatBackward>)
Batch 6/20:
reward seqs after 7 iterations: tensor([-0.0309], grad_fn=<CatBackward>)
Batch 7/20:
reward seqs after 12 iterations: tensor([-0.0329], grad_fn=<CatBackward>)
Batch 8/20:
reward seqs after 17 iterations: tensor([-0.0311], grad_fn=<CatBackward>)
Batch 9/20:
reward seqs after 9 iterations: tensor([-0.0313], grad_fn=<CatBackward>)
Batch 10/20:
reward seqs after 8 iterations: tensor([-0.0306], grad_fn=<CatBackward>)
Batch 11/20:
reward seqs after 13 iterations: tensor([-0.0297], grad_fn=<CatBackward>)
Batch 12/20:
reward seqs after 9 iterations: tensor([-0.0299], grad_fn=<CatBackward>)
Batch 13/20:
reward seqs after 12 iterations: tensor([-0.0297], grad_fn=<CatBackward>)
Batch 14/20:
reward seqs after 7 iterations: tensor([-0.0277], grad_fn=<CatBackward>)
Batch 15/20:
reward seqs after 10 iterations: tensor([-0.0285], grad_fn=<CatBackward>)
Batch 16/20:
reward seqs after 14 iterations: tensor([-0.0283], grad_fn=<CatBackward>)
Batch 17/20:
reward seqs after 11 iterations: tensor([-0.0273], grad_fn=<CatBackward>)
Batch 18/20:
reward seqs after 26 iterations: tensor([-0.0285], grad_fn=<CatBackward>)
Batch 19/20:
reward seqs after 11 iterations: tensor([-0.0248], grad_fn=<CatBackward>)
Loss: 0.024837428703904152
Optimal set of params:
mid_point: tensor([[0.4318, 0.1400, 0.4555],
        [0.5603, 0.1400, 0.5415]])
angle: tensor([2.9062, 2.8931], grad_fn=<SelectBackward>)
gripper_rate: tensor([0.0108, 0.0107], grad_fn=<ClampBackward1>)
Optimal init pose seq: tensor([[0.8207, 0.1400, 0.5488, 1.0000, 0.0000, 0.0000, 0.0000],
        [0.9480, 0.1400, 0.6398, 1.0000, 0.0000, 0.0000, 0.0000]],
       grad_fn=<SliceBackward>)
[Open3D DEBUG] Input Points / Samples: 54532 / 47250
[Open3D DEBUG] #   Got kernel density: 0.450239 (s), 6976.7 (MB) / 6976.7 (MB) / 7009 (MB)
[Open3D DEBUG] #     Got normal field: 0.367429 (s), 6979.23 (MB) / 6979.23 (MB) / 7009 (MB)
[Open3D DEBUG] Point weight / Estimated Area: 4.883185e-05 / 2.662898e+00
[Open3D DEBUG] #       Finalized tree: 1.75264 (s), 6979.45 (MB) / 6979.45 (MB) / 7009 (MB)
[Open3D DEBUG] #  Set FEM constraints: 2.75217 (s), 6979.45 (MB) / 6979.45 (MB) / 7009 (MB)
[Open3D DEBUG] #Set point constraints: 1.24506 (s), 6979.91 (MB) / 6979.91 (MB) / 7009 (MB)
[Open3D DEBUG] Leaf Nodes / Active Nodes / Ghost Nodes: 617597 / 613808 / 92017
[Open3D DEBUG] Memory Usage: 6979.910 MB
[Open3D DEBUG] # Linear system solved: 18.5867 (s), 6980.16 (MB) / 6980.16 (MB) / 7009 (MB)
[Open3D DEBUG] Got average: 0.629962 (s), 6980.16 (MB) / 6980.16 (MB) / 7009 (MB)
[Open3D DEBUG] Iso-Value: 5.005797e-01 = 2.729761e+04 / 5.453200e+04
[Open3D DEBUG] #          Total Solve:      95.7 (s),    6987.0 (MB)
TriangleMesh with 106722 points and 213402 triangles.
EMD: tensor([0.0613], dtype=torch.float64)
Chamfer: tensor([0.0574], dtype=torch.float64)
=============== Iteration 2 -> model_loss: tensor([0.0248]); sim_loss: tensor([0.0609], dtype=torch.float64) ===============
=============== 1/2 ===============
[Open3D DEBUG] Input Points / Samples: 53167 / 45933
[Open3D DEBUG] #   Got kernel density: 0.408290 (s), 6993.19 (MB) / 6993.19 (MB) / 7025 (MB)
[Open3D DEBUG] #     Got normal field: 0.416186 (s), 6993.72 (MB) / 6993.72 (MB) / 7025 (MB)
[Open3D DEBUG] Point weight / Estimated Area: 4.959694e-05 / 2.636920e+00
[Open3D DEBUG] #       Finalized tree: 1.82072 (s), 6993.76 (MB) / 6993.76 (MB) / 7025 (MB)
[Open3D DEBUG] #  Set FEM constraints: 2.68766 (s), 6993.76 (MB) / 6993.76 (MB) / 7025 (MB)
[Open3D DEBUG] #Set point constraints: 2.61233 (s), 6993.76 (MB) / 6993.76 (MB) / 7025 (MB)
[Open3D DEBUG] Leaf Nodes / Active Nodes / Ghost Nodes: 599866 / 587328 / 98233
[Open3D DEBUG] Memory Usage: 6993.762 MB
[Open3D DEBUG] # Linear system solved: 16.5768 (s), 6994.16 (MB) / 6994.16 (MB) / 7025 (MB)
[Open3D DEBUG] Got average: 0.442452 (s), 6994.16 (MB) / 6994.16 (MB) / 7025 (MB)
[Open3D DEBUG] Iso-Value: 5.010005e-01 = 2.663669e+04 / 5.316700e+04
[Open3D DEBUG] #          Total Solve:      93.7 (s),    7001.7 (MB)
TriangleMesh with 95494 points and 190964 triangles.
state_cur: torch.Size([4, 300, 3]), state_goal: torch.Size([1, 300, 3])
