ENV:
  loss:
    soft_contact: False
    target_path: envs/assets/Chopsticks3D-v1.npy
    weight:
      contact: 1
      density: 10
      sdf: 10
  n_observed_particles: 200
PRIMITIVES: [{'shape': 'Capsule', 'h': 0.2, 'r': 0.045, 'init_pos': '(0.35, 0.4, 0.5)', 'init_rot': '(1., 0., 0., 0.)', 'color': '(0.8, 0.8, 0.8)', 'friction': 1.0, 'action': {'dim': 6, 'scale': '(0.02, 0.02, 0.02, 0.04, 0.04, 0.04)'}}, {'shape': 'Capsule', 'h': 0.2, 'r': 0.045, 'init_pos': '(0.65, 0.4, 0.5)', 'init_rot': '(1., 0., 0., 0.)', 'color': '(0.8, 0.8, 0.8)', 'friction': 1.0, 'action': {'dim': 6, 'scale': '(0.02, 0.02, 0.02, 0.04, 0.04, 0.04)'}}, {'shape': 'Capsule', 'h': 0.13, 'r': 0.025, 'init_pos': '(0.5, 0.1, 0.5)', 'init_rot': '(1., 0., 0., 0.)', 'color': '(0.2, 0.2, 0.2)', 'friction': 15.0}]
RENDERER:
  bake_size: 6
  camera_pos: (0.5, 1.2, 4.0)
  camera_pos_1: (0.5, 2.5, 2.2)
  camera_pos_2: (0.5, 2.5, 2.2)
  camera_pos_3: (0.5, 2.5, 2.2)
  camera_pos_4: (0.5, 2.5, 2.2)
  camera_rot: (0.2, 0)
  camera_rot_1: (0.8, 0.0)
  camera_rot_2: (0.8, 0.0)
  camera_rot_3: (0.8, 0.0)
  camera_rot_4: (0.8, 0.0)
  dx: 0.006666666666666667
  image_res: (512, 512)
  light_direction: (2.0, 1.0, 0.7)
  max_num_particles: 1000000
  max_ray_depth: 2
  sdf_threshold: 0.20720000000000002
  spp: 50
  target_res: (64, 64, 64)
  use_directional_light: False
  use_roulette: False
  voxel_res: (168, 168, 168)
SHAPES: [{'shape': 'box', 'width': '(0.25, 0.2, 0.25)', 'init_pos': '(0.5, 0.1, 0.5)', 'n_particles': 20000, 'color': '((150<<8)+ (150<<16))'}]
SIMULATOR:
  E: 5000.0
  dim: 3
  dtype: float64
  gravity: (0, -5, 0)
  ground_friction: 100.0
  max_steps: 1024
  n_particles: 9000
  nu: 0.2
  quality: 1
  yield_stress: 4000.0
VARIANTS: [{'ENV': {'loss': {'target_path': 'envs/assets/gripper-v1.npy'}}}]
Building primitive
action:
  dim: 6
  scale: (0.02, 0.02, 0.02, 0.04, 0.04, 0.04)
color: (0.8, 0.8, 0.8)
friction: 1.0
h: 0.2
init_pos: (0.35, 0.4, 0.5)
init_rot: (1.0, 0.0, 0.0, 0.0)
lower_bound: (0.0, 0.0, 0.0)
r: 0.045
shape: Capsule
upper_bound: (1.0, 1.0, 1.0)
variations: None
Building primitive
action:
  dim: 6
  scale: (0.02, 0.02, 0.02, 0.04, 0.04, 0.04)
color: (0.8, 0.8, 0.8)
friction: 1.0
h: 0.2
init_pos: (0.65, 0.4, 0.5)
init_rot: (1.0, 0.0, 0.0, 0.0)
lower_bound: (0.0, 0.0, 0.0)
r: 0.045
shape: Capsule
upper_bound: (1.0, 1.0, 1.0)
variations: None
Building primitive
action:
  dim: 0
  scale: ()
color: (0.2, 0.2, 0.2)
friction: 15.0
h: 0.13
init_pos: (0.5, 0.1, 0.5)
init_rot: (1.0, 0.0, 0.0, 0.0)
lower_bound: (0.0, 0.0, 0.0)
r: 0.025
shape: Capsule
upper_bound: (1.0, 1.0, 1.0)
variations: None
{'width': (0.25, 0.2, 0.25), 'init_pos': (0.5, 0.1, 0.5), 'n_particles': 20000, 'color': 9868800}
Initialize Renderer
bake_size: 6  
camera_pos: (0.5, 1.2, 4.0)  
camera_pos_1: (0.5, 2.5, 2.2)  
camera_pos_2: (0.5, 2.5, 2.2)  
camera_pos_3: (0.5, 2.5, 2.2)  
camera_pos_4: (0.5, 2.5, 2.2)  
camera_rot: (0.2, 0)  
camera_rot_1: (0.8, 0.0)  
camera_rot_2: (0.8, 0.0)  
camera_rot_3: (0.8, 0.0)  
camera_rot_4: (0.8, 0.0)  
dx: 0.006666666666666667  
image_res: (512, 512)  
light_direction: (2.0, 1.0, 0.7)  
max_num_particles: 1000000  
max_ray_depth: 2  
sdf_threshold: 0.20720000000000002  
spp: 50  
target_res: (64, 64, 64)  
use_directional_light: False  
use_roulette: False  
voxel_res: (168, 168, 168)
[Taichi] materializing...
model_kp #params: 443560
GT shape: init pose: (1, 3, 11, 14); actions: (1, 3, 40, 12)
GT init pose: [[0.76359501 0.14       0.70473839 1.         0.         0.
  0.        ]
 [0.13751299 0.14       0.56262855 1.         0.         0.
  0.        ]
 [0.20403418 0.14       0.74794012 1.         0.         0.
  0.        ]]
=============== 1/2 ===============
[Open3D DEBUG] Input Points / Samples: 49783 / 31818
[Open3D DEBUG] #   Got kernel density: 0.260974 (s), 4451.79 (MB) / 4451.79 (MB) / 4492 (MB)
[Open3D DEBUG] #     Got normal field: 0.409498 (s), 4461.34 (MB) / 4461.34 (MB) / 4492 (MB)
[Open3D DEBUG] Point weight / Estimated Area: 1.997651e-05 / 9.944904e-01
[Open3D DEBUG] #       Finalized tree: 1.19146 (s), 4462.82 (MB) / 4462.82 (MB) / 4492 (MB)
[Open3D DEBUG] #  Set FEM constraints: 2.035 (s), 4462.82 (MB) / 4462.82 (MB) / 4492 (MB)
[Open3D DEBUG] #Set point constraints: 0.992704 (s), 4463.03 (MB) / 4463.03 (MB) / 4492 (MB)
[Open3D DEBUG] Leaf Nodes / Active Nodes / Ghost Nodes: 336414 / 382016 / 2457
[Open3D DEBUG] Memory Usage: 4463.031 MB
[Open3D DEBUG] # Linear system solved: 8.9773 (s), 4463.66 (MB) / 4463.66 (MB) / 4492 (MB)
[Open3D DEBUG] Got average: 0.220799 (s), 4463.66 (MB) / 4463.66 (MB) / 4492 (MB)
[Open3D DEBUG] Iso-Value: 4.966238e-01 = 2.472342e+04 / 4.978300e+04
[Open3D DEBUG] #          Total Solve:      66.7 (s),    4479.7 (MB)
TriangleMesh with 51100 points and 102188 triangles.
state_cur: torch.Size([4, 300, 3]), state_goal: torch.Size([1, 300, 3])
sampling: max: -0.0259, mean: -0.0342, std: 0.0039
Selected top reward seqs: tensor([-0.0288, -0.0288, -0.0287, -0.0286, -0.0286, -0.0286, -0.0281, -0.0281,
        -0.0280, -0.0275, -0.0275, -0.0274, -0.0274, -0.0274, -0.0272, -0.0271,
        -0.0270, -0.0263, -0.0262, -0.0259])
Batch 0/20:
reward seqs after 20 iterations: tensor([-0.0256], grad_fn=<CatBackward>)
Batch 1/20:
reward seqs after 11 iterations: tensor([-0.0251], grad_fn=<CatBackward>)
Batch 2/20:
reward seqs after 11 iterations: tensor([-0.0285], grad_fn=<CatBackward>)
Batch 3/20:
reward seqs after 2 iterations: tensor([-0.0275], grad_fn=<CatBackward>)
Batch 4/20:
reward seqs after 30 iterations: tensor([-0.0262], grad_fn=<CatBackward>)
Batch 5/20:
reward seqs after 13 iterations: tensor([-0.0273], grad_fn=<CatBackward>)
Batch 6/20:
reward seqs after 3 iterations: tensor([-0.0280], grad_fn=<CatBackward>)
Batch 7/20:
reward seqs after 10 iterations: tensor([-0.0271], grad_fn=<CatBackward>)
Batch 8/20:
reward seqs after 9 iterations: tensor([-0.0254], grad_fn=<CatBackward>)
Batch 9/20:
reward seqs after 13 iterations: tensor([-0.0287], grad_fn=<CatBackward>)
Batch 10/20:
reward seqs after 20 iterations: tensor([-0.0253], grad_fn=<CatBackward>)
Batch 11/20:
reward seqs after 8 iterations: tensor([-0.0273], grad_fn=<CatBackward>)
Batch 12/20:
reward seqs after 10 iterations: tensor([-0.0269], grad_fn=<CatBackward>)
Batch 13/20:
reward seqs after 13 iterations: tensor([-0.0273], grad_fn=<CatBackward>)
Batch 14/20:
reward seqs after 11 iterations: tensor([-0.0272], grad_fn=<CatBackward>)
Batch 15/20:
reward seqs after 26 iterations: tensor([-0.0254], grad_fn=<CatBackward>)
Batch 16/20:
reward seqs after 13 iterations: tensor([-0.0250], grad_fn=<CatBackward>)
Batch 17/20:
reward seqs after 11 iterations: tensor([-0.0255], grad_fn=<CatBackward>)
Batch 18/20:
reward seqs after 12 iterations: tensor([-0.0261], grad_fn=<CatBackward>)
Batch 19/20:
reward seqs after 5 iterations: tensor([-0.0260], grad_fn=<CatBackward>)
Loss: 0.025030698627233505
Optimal set of params:
mid_point: tensor([[0.4661, 0.1400, 0.5138],
        [0.5497, 0.1400, 0.4803]])
angle: tensor([0.0959, 0.3995], grad_fn=<SelectBackward>)
gripper_rate: tensor([0.0108, 0.0000], grad_fn=<ClampBackward1>)
Optimal init pose seq: tensor([[0.0679, 0.1400, 0.5521, 1.0000, 0.0000, 0.0000, 0.0000],
        [0.1812, 0.1400, 0.6359, 1.0000, 0.0000, 0.0000, 0.0000]],
       grad_fn=<SliceBackward>)
[Open3D DEBUG] Input Points / Samples: 54349 / 28300
[Open3D DEBUG] #   Got kernel density: 0.217358 (s), 6228.38 (MB) / 6228.38 (MB) / 6269 (MB)
[Open3D DEBUG] #     Got normal field: 0.139209 (s), 6232.97 (MB) / 6232.97 (MB) / 6269 (MB)
[Open3D DEBUG] Point weight / Estimated Area: 1.324246e-05 / 7.197142e-01
[Open3D DEBUG] #       Finalized tree: 1.04979 (s), 6233.55 (MB) / 6233.55 (MB) / 6269 (MB)
[Open3D DEBUG] #  Set FEM constraints: 1.85623 (s), 6233.55 (MB) / 6233.55 (MB) / 6269 (MB)
[Open3D DEBUG] #Set point constraints: 0.720715 (s), 6233.55 (MB) / 6233.55 (MB) / 6269 (MB)
[Open3D DEBUG] Leaf Nodes / Active Nodes / Ghost Nodes: 277754 / 316952 / 481
[Open3D DEBUG] Memory Usage: 6233.551 MB
[Open3D DEBUG] # Linear system solved: 9.23736 (s), 6233.55 (MB) / 6233.55 (MB) / 6269 (MB)
[Open3D DEBUG] Got average: 0.262787 (s), 6233.55 (MB) / 6233.55 (MB) / 6269 (MB)
[Open3D DEBUG] Iso-Value: 5.088277e-01 = 2.765428e+04 / 5.434900e+04
[Open3D DEBUG] #          Total Solve:      59.9 (s),    6239.2 (MB)
TriangleMesh with 41016 points and 82020 triangles.
EMD: tensor([0.0321], dtype=torch.float64)
Chamfer: tensor([0.0374], dtype=torch.float64)
=============== Iteration 0 -> model_loss: tensor([0.0250]); sim_loss: tensor([0.0326], dtype=torch.float64) ===============
=============== 1/2 ===============
[Open3D DEBUG] Input Points / Samples: 51623 / 43169
[Open3D DEBUG] #   Got kernel density: 0.266254 (s), 6263.86 (MB) / 6263.86 (MB) / 6295 (MB)
[Open3D DEBUG] #     Got normal field: 0.280170 (s), 6269.24 (MB) / 6269.24 (MB) / 6295 (MB)
[Open3D DEBUG] Point weight / Estimated Area: 4.388714e-05 / 2.265586e+00
[Open3D DEBUG] #       Finalized tree: 1.53575 (s), 6269.59 (MB) / 6269.59 (MB) / 6295 (MB)
[Open3D DEBUG] #  Set FEM constraints: 2.20661 (s), 6269.59 (MB) / 6269.59 (MB) / 6295 (MB)
[Open3D DEBUG] #Set point constraints: 1.58835 (s), 6269.59 (MB) / 6269.59 (MB) / 6295 (MB)
[Open3D DEBUG] Leaf Nodes / Active Nodes / Ghost Nodes: 544692 / 545904 / 76601
[Open3D DEBUG] Memory Usage: 6269.594 MB
[Open3D DEBUG] # Linear system solved: 12.3826 (s), 6269.76 (MB) / 6269.76 (MB) / 6295 (MB)
[Open3D DEBUG] Got average: 0.408299 (s), 6269.76 (MB) / 6269.76 (MB) / 6295 (MB)
[Open3D DEBUG] Iso-Value: 5.019601e-01 = 2.591269e+04 / 5.162300e+04
[Open3D DEBUG] #          Total Solve:      76.5 (s),    6283.0 (MB)
TriangleMesh with 84015 points and 168006 triangles.
state_cur: torch.Size([4, 300, 3]), state_goal: torch.Size([1, 300, 3])
sampling: max: -0.0245, mean: -0.0331, std: 0.0036
Selected top reward seqs: tensor([-0.0285, -0.0285, -0.0284, -0.0284, -0.0280, -0.0279, -0.0278, -0.0277,
        -0.0277, -0.0276, -0.0276, -0.0276, -0.0274, -0.0274, -0.0274, -0.0272,
        -0.0270, -0.0265, -0.0247, -0.0245])
Batch 0/20:
reward seqs after 6 iterations: tensor([-0.0280], grad_fn=<CatBackward>)
Batch 1/20:
reward seqs after 16 iterations: tensor([-0.0287], grad_fn=<CatBackward>)
Batch 2/20:
reward seqs after 16 iterations: tensor([-0.0264], grad_fn=<CatBackward>)
Batch 3/20:
reward seqs after 3 iterations: tensor([-0.0257], grad_fn=<CatBackward>)
Batch 4/20:
reward seqs after 6 iterations: tensor([-0.0268], grad_fn=<CatBackward>)
Batch 5/20:
reward seqs after 6 iterations: tensor([-0.0280], grad_fn=<CatBackward>)
Batch 6/20:
reward seqs after 12 iterations: tensor([-0.0259], grad_fn=<CatBackward>)
Batch 7/20:
reward seqs after 5 iterations: tensor([-0.0264], grad_fn=<CatBackward>)
Batch 8/20:
reward seqs after 22 iterations: tensor([-0.0256], grad_fn=<CatBackward>)
Batch 9/20:
reward seqs after 25 iterations: tensor([-0.0270], grad_fn=<CatBackward>)
Batch 10/20:
reward seqs after 6 iterations: tensor([-0.0246], grad_fn=<CatBackward>)
Batch 11/20:
reward seqs after 9 iterations: tensor([-0.0251], grad_fn=<CatBackward>)
Batch 12/20:
reward seqs after 11 iterations: tensor([-0.0263], grad_fn=<CatBackward>)
Batch 13/20:
reward seqs after 17 iterations: tensor([-0.0274], grad_fn=<CatBackward>)
Batch 14/20:
reward seqs after 14 iterations: tensor([-0.0237], grad_fn=<CatBackward>)
Batch 15/20:
reward seqs after 13 iterations: tensor([-0.0247], grad_fn=<CatBackward>)
Batch 16/20:
reward seqs after 5 iterations: tensor([-0.0265], grad_fn=<CatBackward>)
Batch 17/20:
reward seqs after 10 iterations: tensor([-0.0267], grad_fn=<CatBackward>)
Batch 18/20:
reward seqs after 12 iterations: tensor([-0.0243], grad_fn=<CatBackward>)
Batch 19/20:
reward seqs after 12 iterations: tensor([-0.0239], grad_fn=<CatBackward>)
Loss: 0.023745505139231682
Optimal set of params:
mid_point: tensor([[0.5321, 0.1400, 0.5172],
        [0.4965, 0.1400, 0.4913]])
angle: tensor([0.0621, 1.6232], grad_fn=<SelectBackward>)
gripper_rate: tensor([0.0100, 0.0096], grad_fn=<ClampBackward1>)
Optimal init pose seq: tensor([[0.1329, 0.1400, 0.5420, 1.0000, 0.0000, 0.0000, 0.0000],
        [0.5174, 0.1400, 0.8907, 1.0000, 0.0000, 0.0000, 0.0000]],
       grad_fn=<SliceBackward>)
[Open3D DEBUG] Input Points / Samples: 51518 / 41257
[Open3D DEBUG] #   Got kernel density: 0.362675 (s), 6491.71 (MB) / 6491.71 (MB) / 6558 (MB)
[Open3D DEBUG] #     Got normal field: 0.304014 (s), 6495.26 (MB) / 6495.26 (MB) / 6558 (MB)
[Open3D DEBUG] Point weight / Estimated Area: 3.758984e-05 / 1.936553e+00
[Open3D DEBUG] #       Finalized tree: 1.90848 (s), 6496.12 (MB) / 6496.12 (MB) / 6558 (MB)
[Open3D DEBUG] #  Set FEM constraints: 2.69573 (s), 6496.12 (MB) / 6496.12 (MB) / 6558 (MB)
[Open3D DEBUG] #Set point constraints: 1.12391 (s), 6496.12 (MB) / 6496.12 (MB) / 6558 (MB)
[Open3D DEBUG] Leaf Nodes / Active Nodes / Ghost Nodes: 531294 / 572568 / 34625
[Open3D DEBUG] Memory Usage: 6496.121 MB
[Open3D DEBUG] # Linear system solved: 16.1002 (s), 6496.12 (MB) / 6496.12 (MB) / 6558 (MB)
[Open3D DEBUG] Got average: 0.440748 (s), 6496.12 (MB) / 6496.12 (MB) / 6558 (MB)
[Open3D DEBUG] Iso-Value: 5.030857e-01 = 2.591797e+04 / 5.151800e+04
[Open3D DEBUG] #          Total Solve:      89.6 (s),    6505.6 (MB)
TriangleMesh with 88426 points and 176860 triangles.
EMD: tensor([0.0357], dtype=torch.float64)
Chamfer: tensor([0.0392], dtype=torch.float64)
=============== Iteration 1 -> model_loss: tensor([0.0237]); sim_loss: tensor([0.0361], dtype=torch.float64) ===============
=============== 1/2 ===============
[Open3D DEBUG] Input Points / Samples: 53470 / 43447
[Open3D DEBUG] #   Got kernel density: 0.470468 (s), 6511.14 (MB) / 6511.14 (MB) / 6558 (MB)
[Open3D DEBUG] #     Got normal field: 0.517288 (s), 6514.0 (MB) / 6514.0 (MB) / 6558 (MB)
[Open3D DEBUG] Point weight / Estimated Area: 3.860526e-05 / 2.064224e+00
[Open3D DEBUG] #       Finalized tree: 1.73619 (s), 6514.84 (MB) / 6514.84 (MB) / 6558 (MB)
[Open3D DEBUG] #  Set FEM constraints: 2.25411 (s), 6514.84 (MB) / 6514.84 (MB) / 6558 (MB)
[Open3D DEBUG] #Set point constraints: 1.15954 (s), 6514.84 (MB) / 6514.84 (MB) / 6558 (MB)
[Open3D DEBUG] Leaf Nodes / Active Nodes / Ghost Nodes: 547303 / 575672 / 49817
[Open3D DEBUG] Memory Usage: 6514.840 MB
[Open3D DEBUG] # Linear system solved: 13.5015 (s), 6514.86 (MB) / 6514.86 (MB) / 6558 (MB)
[Open3D DEBUG] Got average: 0.356718 (s), 6514.86 (MB) / 6514.86 (MB) / 6558 (MB)
[Open3D DEBUG] Iso-Value: 5.021577e-01 = 2.685037e+04 / 5.347000e+04
[Open3D DEBUG] #          Total Solve:      80.4 (s),    6526.7 (MB)
TriangleMesh with 88442 points and 176896 triangles.
state_cur: torch.Size([4, 300, 3]), state_goal: torch.Size([1, 300, 3])
sampling: max: -0.0255, mean: -0.0352, std: 0.0033
Selected top reward seqs: tensor([-0.0311, -0.0310, -0.0309, -0.0309, -0.0309, -0.0307, -0.0302, -0.0302,
        -0.0301, -0.0300, -0.0299, -0.0299, -0.0296, -0.0291, -0.0289, -0.0285,
        -0.0285, -0.0285, -0.0283, -0.0255])
Batch 0/20:
reward seqs after 7 iterations: tensor([-0.0296], grad_fn=<CatBackward>)
Batch 1/20:
reward seqs after 7 iterations: tensor([-0.0302], grad_fn=<CatBackward>)
Batch 2/20:
reward seqs after 25 iterations: tensor([-0.0288], grad_fn=<CatBackward>)
Batch 3/20:
reward seqs after 11 iterations: tensor([-0.0325], grad_fn=<CatBackward>)
Batch 4/20:
reward seqs after 10 iterations: tensor([-0.0309], grad_fn=<CatBackward>)
Batch 5/20:
reward seqs after 11 iterations: tensor([-0.0295], grad_fn=<CatBackward>)
Batch 6/20:
reward seqs after 13 iterations: tensor([-0.0300], grad_fn=<CatBackward>)
Batch 7/20:
reward seqs after 9 iterations: tensor([-0.0294], grad_fn=<CatBackward>)
Batch 8/20:
reward seqs after 10 iterations: tensor([-0.0263], grad_fn=<CatBackward>)
Batch 9/20:
reward seqs after 8 iterations: tensor([-0.0305], grad_fn=<CatBackward>)
Batch 10/20:
reward seqs after 10 iterations: tensor([-0.0333], grad_fn=<CatBackward>)
Batch 11/20:
reward seqs after 9 iterations: tensor([-0.0288], grad_fn=<CatBackward>)
Batch 12/20:
reward seqs after 10 iterations: tensor([-0.0294], grad_fn=<CatBackward>)
Batch 13/20:
reward seqs after 17 iterations: tensor([-0.0311], grad_fn=<CatBackward>)
Batch 14/20:
reward seqs after 7 iterations: tensor([-0.0280], grad_fn=<CatBackward>)
Batch 15/20:
reward seqs after 11 iterations: tensor([-0.0302], grad_fn=<CatBackward>)
Batch 16/20:
reward seqs after 9 iterations: tensor([-0.0291], grad_fn=<CatBackward>)
Batch 17/20:
reward seqs after 10 iterations: tensor([-0.0278], grad_fn=<CatBackward>)
Batch 18/20:
reward seqs after 12 iterations: tensor([-0.0302], grad_fn=<CatBackward>)
Batch 19/20:
reward seqs after 14 iterations: tensor([-0.0258], grad_fn=<CatBackward>)
Loss: 0.025815851986408234
Optimal set of params:
mid_point: tensor([[0.4768, 0.1400, 0.4807],
        [0.4900, 0.1400, 0.5012]])
angle: tensor([1.8298, 3.1204], grad_fn=<SelectBackward>)
gripper_rate: tensor([0.0103, 0.0108], grad_fn=<ClampBackward1>)
Optimal init pose seq: tensor([[0.5793, 0.1400, 0.8674, 1.0000, 0.0000, 0.0000, 0.0000],
        [0.8899, 0.1400, 0.5097, 1.0000, 0.0000, 0.0000, 0.0000]],
       grad_fn=<SliceBackward>)
[Open3D DEBUG] Input Points / Samples: 53233 / 45418
[Open3D DEBUG] #   Got kernel density: 0.278852 (s), 6709.66 (MB) / 6709.66 (MB) / 6742 (MB)
[Open3D DEBUG] #     Got normal field: 0.545795 (s), 6712.51 (MB) / 6712.51 (MB) / 6742 (MB)
[Open3D DEBUG] Point weight / Estimated Area: 4.516215e-05 / 2.404116e+00
[Open3D DEBUG] #       Finalized tree: 1.99045 (s), 6712.55 (MB) / 6712.55 (MB) / 6742 (MB)
[Open3D DEBUG] #  Set FEM constraints: 2.57553 (s), 6712.55 (MB) / 6712.55 (MB) / 6742 (MB)
[Open3D DEBUG] #Set point constraints: 1.4424 (s), 6712.55 (MB) / 6712.55 (MB) / 6742 (MB)
[Open3D DEBUG] Leaf Nodes / Active Nodes / Ghost Nodes: 595176 / 607912 / 72289
[Open3D DEBUG] Memory Usage: 6712.555 MB
[Open3D DEBUG] # Linear system solved: 12.3584 (s), 6712.61 (MB) / 6712.61 (MB) / 6742 (MB)
[Open3D DEBUG] Got average: 0.44256 (s), 6712.66 (MB) / 6712.66 (MB) / 6742 (MB)
[Open3D DEBUG] Iso-Value: 5.015463e-01 = 2.669882e+04 / 5.323300e+04
[Open3D DEBUG] #          Total Solve:      77.7 (s),    6720.6 (MB)
TriangleMesh with 97312 points and 194644 triangles.
EMD: tensor([0.0341], dtype=torch.float64)
Chamfer: tensor([0.0379], dtype=torch.float64)
=============== Iteration 2 -> model_loss: tensor([0.0258]); sim_loss: tensor([0.0345], dtype=torch.float64) ===============
=============== 1/2 ===============
[Open3D DEBUG] Input Points / Samples: 51801 / 43382
[Open3D DEBUG] #   Got kernel density: 0.423079 (s), 6726.32 (MB) / 6726.32 (MB) / 6758 (MB)
[Open3D DEBUG] #     Got normal field: 0.274978 (s), 6729.13 (MB) / 6729.13 (MB) / 6758 (MB)
[Open3D DEBUG] Point weight / Estimated Area: 4.434618e-05 / 2.297176e+00
[Open3D DEBUG] #       Finalized tree: 1.70733 (s), 6729.26 (MB) / 6729.26 (MB) / 6758 (MB)
[Open3D DEBUG] #  Set FEM constraints: 2.7462 (s), 6729.26 (MB) / 6729.26 (MB) / 6758 (MB)
[Open3D DEBUG] #Set point constraints: 1.70922 (s), 6729.26 (MB) / 6729.26 (MB) / 6758 (MB)
[Open3D DEBUG] Leaf Nodes / Active Nodes / Ghost Nodes: 563165 / 572864 / 70753
[Open3D DEBUG] Memory Usage: 6729.258 MB
[Open3D DEBUG] # Linear system solved: 14.4588 (s), 6729.26 (MB) / 6729.26 (MB) / 6758 (MB)
[Open3D DEBUG] Got average: 0.313203 (s), 6729.26 (MB) / 6729.26 (MB) / 6758 (MB)
[Open3D DEBUG] Iso-Value: 5.025541e-01 = 2.603280e+04 / 5.180100e+04
[Open3D DEBUG] #          Total Solve:      90.8 (s),    6739.4 (MB)
TriangleMesh with 89373 points and 178758 triangles.
state_cur: torch.Size([4, 300, 3]), state_goal: torch.Size([1, 300, 3])
