model_kp #params: 443560
Spinning at iteration 0
The first frame: [ 0.43062465 -0.0071786   0.07467719] +- [0.017 0.017 0.006]
sampling: max: -0.0270, mean: -0.0303, std: 0.0012
Selected top reward seqs: tensor([-0.0286, -0.0285, -0.0285, -0.0284, -0.0284, -0.0283, -0.0281, -0.0277,
        -0.0275, -0.0270])
Batch 0/10:
reward seqs after 8 iterations: tensor([-0.0282], grad_fn=<CatBackward>)
Batch 1/10:
reward seqs after 23 iterations: tensor([-0.0280], grad_fn=<CatBackward>)
Batch 2/10:
reward seqs after 13 iterations: tensor([-0.0278], grad_fn=<CatBackward>)
Batch 3/10:
reward seqs after 7 iterations: tensor([-0.0273], grad_fn=<CatBackward>)
Batch 4/10:
reward seqs after 6 iterations: tensor([-0.0278], grad_fn=<CatBackward>)
Batch 5/10:
reward seqs after 17 iterations: tensor([-0.0277], grad_fn=<CatBackward>)
Batch 6/10:
reward seqs after 4 iterations: tensor([-0.0273], grad_fn=<CatBackward>)
Batch 7/10:
reward seqs after 10 iterations: tensor([-0.0269], grad_fn=<CatBackward>)
Batch 8/10:
reward seqs after 26 iterations: tensor([-0.0270], grad_fn=<CatBackward>)
Batch 9/10:
reward seqs after 11 iterations: tensor([-0.0268], grad_fn=<CatBackward>)
Loss: 0.026758605614304543
Optimal set of params:
mid_point: tensor([[0.4862, 0.1400, 0.4944]])
angle: tensor([3.0712], grad_fn=<SelectBackward>)
gripper_rate: tensor([0.0113], grad_fn=<ClampBackward1>)
Optimal init pose seq: tensor([[0.8852, 0.1400, 0.5225, 1.0000, 0.0000, 0.0000, 0.0000]],
       grad_fn=<SliceBackward>)
=============== Iteration 0 -> model_loss: tensor([0.0268]) ===============
torch.Size([1, 11, 14]) torch.Size([1, 40, 12])
Best init pose: tensor([[0.8852, 0.1400, 0.5225, 1.0000, 0.0000, 0.0000, 0.0000]])
Best model loss: tensor([0.0268])
Spinning at iteration 0
Spinning at iteration 0
Spinning at iteration 0
Spinning at iteration 0
Spinning at iteration 0
Spinning at iteration 0
Spinning at iteration 0
Spinning at iteration 0
Spinning at iteration 0
Spinning at iteration 0
Spinning at iteration 0
Spinning at iteration 0
Spinning at iteration 0
Spinning at iteration 0
Spinning at iteration 0
Spinning at iteration 0
Spinning at iteration 0
Spinning at iteration 0
Spinning at iteration 0
Spinning at iteration 0
Spinning at iteration 1
sampling: max: -0.0234, mean: -0.0265, std: 0.0013
Selected top reward seqs: tensor([-0.0250, -0.0250, -0.0249, -0.0248, -0.0248, -0.0247, -0.0246, -0.0245,
        -0.0243, -0.0234])
Batch 0/10:
reward seqs after 11 iterations: tensor([-0.0244], grad_fn=<CatBackward>)
Batch 1/10:
reward seqs after 5 iterations: tensor([-0.0244], grad_fn=<CatBackward>)
Batch 2/10:
reward seqs after 6 iterations: tensor([-0.0240], grad_fn=<CatBackward>)
Batch 3/10:
reward seqs after 4 iterations: tensor([-0.0243], grad_fn=<CatBackward>)
Batch 4/10:
reward seqs after 12 iterations: tensor([-0.0244], grad_fn=<CatBackward>)
Batch 5/10:
reward seqs after 4 iterations: tensor([-0.0243], grad_fn=<CatBackward>)
Batch 6/10:
reward seqs after 4 iterations: tensor([-0.0233], grad_fn=<CatBackward>)
Batch 7/10:
reward seqs after 10 iterations: tensor([-0.0242], grad_fn=<CatBackward>)
Batch 8/10:
reward seqs after 7 iterations: tensor([-0.0236], grad_fn=<CatBackward>)
Batch 9/10:
reward seqs after 10 iterations: tensor([-0.0233], grad_fn=<CatBackward>)
Loss: 0.023283734917640686
Optimal set of params:
mid_point: tensor([[0.4921, 0.1400, 0.5294]])
angle: tensor([1.4604], grad_fn=<SelectBackward>)
gripper_rate: tensor([0.0107], grad_fn=<ClampBackward1>)
Optimal init pose seq: tensor([[0.4481, 0.1400, 0.9269, 1.0000, 0.0000, 0.0000, 0.0000]],
       grad_fn=<SliceBackward>)
=============== Iteration 1 -> model_loss: tensor([0.0233]) ===============
torch.Size([1, 11, 14]) torch.Size([1, 40, 12])
Best init pose: tensor([[0.4481, 0.1400, 0.9269, 1.0000, 0.0000, 0.0000, 0.0000]])
Best model loss: tensor([0.0233])
Spinning at iteration 1
Spinning at iteration 1
Spinning at iteration 1
Spinning at iteration 1
Spinning at iteration 1
Spinning at iteration 1
Spinning at iteration 1
Spinning at iteration 1
Spinning at iteration 1
Spinning at iteration 1
Spinning at iteration 1
Spinning at iteration 1
Spinning at iteration 1
Spinning at iteration 1
Spinning at iteration 1
Spinning at iteration 1
Spinning at iteration 1
Spinning at iteration 1
Spinning at iteration 1
Spinning at iteration 1
Spinning at iteration 1
Spinning at iteration 1
Spinning at iteration 2
