model_kp #params: 443560
Spinning at iteration 0
The first frame: [ 0.43031037 -0.00654328  0.07418204] +- [0.017 0.017 0.006]
sampling: max: -0.0275, mean: -0.0304, std: 0.0016
Selected top reward seqs: tensor([-0.0285, -0.0283, -0.0283, -0.0283, -0.0281, -0.0280, -0.0279, -0.0278,
        -0.0275, -0.0275])
Batch 0/10:
reward seqs after 9 iterations: tensor([-0.0276], grad_fn=<CatBackward>)
Batch 1/10:
reward seqs after 3 iterations: tensor([-0.0276], grad_fn=<CatBackward>)
Batch 2/10:
reward seqs after 22 iterations: tensor([-0.0282], grad_fn=<CatBackward>)
Batch 3/10:
reward seqs after 8 iterations: tensor([-0.0278], grad_fn=<CatBackward>)
Batch 4/10:
reward seqs after 4 iterations: tensor([-0.0275], grad_fn=<CatBackward>)
Batch 5/10:
reward seqs after 2 iterations: tensor([-0.0272], grad_fn=<CatBackward>)
Batch 6/10:
reward seqs after 2 iterations: tensor([-0.0272], grad_fn=<CatBackward>)
Batch 7/10:
reward seqs after 9 iterations: tensor([-0.0274], grad_fn=<CatBackward>)
Batch 8/10:
reward seqs after 10 iterations: tensor([-0.0273], grad_fn=<CatBackward>)
Batch 9/10:
reward seqs after 11 iterations: tensor([-0.0274], grad_fn=<CatBackward>)
Loss: 0.027155792340636253
Optimal set of params:
mid_point: tensor([[0.4854, 0.1400, 0.4938]])
angle: tensor([2.4925], grad_fn=<SelectBackward>)
gripper_rate: tensor([0.], grad_fn=<ClampBackward1>)
Optimal init pose seq: tensor([[0.8041, 0.1400, 0.7355, 1.0000, 0.0000, 0.0000, 0.0000]],
       grad_fn=<SliceBackward>)
=============== Iteration 0 -> model_loss: tensor([0.0272]) ===============
torch.Size([1, 11, 14]) torch.Size([1, 40, 12])
Best init pose: tensor([[0.8041, 0.1400, 0.7355, 1.0000, 0.0000, 0.0000, 0.0000]])
Best model loss: tensor([0.0272])
Spinning at iteration 0
Spinning at iteration 0
Spinning at iteration 0
Spinning at iteration 0
Spinning at iteration 0
Spinning at iteration 0
Spinning at iteration 0
Spinning at iteration 0
Spinning at iteration 0
Spinning at iteration 0
Spinning at iteration 0
Spinning at iteration 0
Spinning at iteration 0
Spinning at iteration 0
Spinning at iteration 0
Spinning at iteration 0
Spinning at iteration 0
Spinning at iteration 0
Spinning at iteration 1
