model_kp #params: 443560
Spinning at iteration 0
The first frame: [ 0.43095718 -0.00956575  0.07674644] +- [0.017 0.017 0.006]
sampling: max: -0.0372, mean: -0.0392, std: 0.0009
Selected top reward seqs: tensor([-0.0382, -0.0381, -0.0380, -0.0380, -0.0380, -0.0379, -0.0378, -0.0378,
        -0.0377, -0.0372])
Batch 0/10:
reward seqs after 7 iterations: tensor([-0.0386], grad_fn=<CatBackward>)
Batch 1/10:
reward seqs after 11 iterations: tensor([-0.0382], grad_fn=<CatBackward>)
Batch 2/10:
reward seqs after 4 iterations: tensor([-0.0370], grad_fn=<CatBackward>)
Batch 3/10:
reward seqs after 6 iterations: tensor([-0.0373], grad_fn=<CatBackward>)
Batch 4/10:
reward seqs after 4 iterations: tensor([-0.0372], grad_fn=<CatBackward>)
Batch 5/10:
reward seqs after 5 iterations: tensor([-0.0381], grad_fn=<CatBackward>)
Batch 6/10:
reward seqs after 12 iterations: tensor([-0.0380], grad_fn=<CatBackward>)
Batch 7/10:
reward seqs after 10 iterations: tensor([-0.0375], grad_fn=<CatBackward>)
Batch 8/10:
reward seqs after 10 iterations: tensor([-0.0381], grad_fn=<CatBackward>)
Batch 9/10:
reward seqs after 19 iterations: tensor([-0.0370], grad_fn=<CatBackward>)
Loss: 0.03695717453956604
Optimal set of params:
mid_point: tensor([[0.5018, 0.1400, 0.5049]])
angle: tensor([2.0941], grad_fn=<SelectBackward>)
gripper_rate: tensor([0.0113], dtype=torch.float64, grad_fn=<ClampBackward1>)
Optimal init pose seq: tensor([[0.7017, 0.1400, 0.8514, 1.0000, 0.0000, 0.0000, 0.0000]],
       grad_fn=<SliceBackward>)
=============== Iteration 0 -> model_loss: tensor([0.0370]) ===============
torch.Size([1, 11, 14]) torch.Size([1, 40, 12])
Best init pose: tensor([[0.7017, 0.1400, 0.8514, 1.0000, 0.0000, 0.0000, 0.0000]])
Best model loss: tensor([0.0370])
Spinning at iteration 0
Spinning at iteration 0
Spinning at iteration 0
Spinning at iteration 0
Spinning at iteration 0
Spinning at iteration 0
Spinning at iteration 0
Spinning at iteration 0
Spinning at iteration 0
Spinning at iteration 0
Spinning at iteration 0
Spinning at iteration 0
Spinning at iteration 0
Spinning at iteration 0
Spinning at iteration 0
Spinning at iteration 0
Spinning at iteration 0
Spinning at iteration 0
Spinning at iteration 0
Spinning at iteration 0
Spinning at iteration 0
Spinning at iteration 0
Spinning at iteration 0
Spinning at iteration 0
Spinning at iteration 1
