model_kp #params: 443560
Spinning at iteration 0
The first frame: [ 0.42931048 -0.00849916  0.0745169 ] +- [0.017 0.017 0.006]
sampling: max: -0.0308, mean: -0.0346, std: 0.0013
Selected top reward seqs: tensor([-0.0330, -0.0330, -0.0330, -0.0329, -0.0329, -0.0324, -0.0321, -0.0318,
        -0.0312, -0.0308])
Batch 0/10:
reward seqs after 20 iterations: tensor([-0.0315], grad_fn=<CatBackward>)
Batch 1/10:
reward seqs after 4 iterations: tensor([-0.0317], grad_fn=<CatBackward>)
Batch 2/10:
reward seqs after 3 iterations: tensor([-0.0316], grad_fn=<CatBackward>)
Batch 3/10:
reward seqs after 6 iterations: tensor([-0.0314], grad_fn=<CatBackward>)
Batch 4/10:
reward seqs after 7 iterations: tensor([-0.0318], grad_fn=<CatBackward>)
Batch 5/10:
reward seqs after 5 iterations: tensor([-0.0313], grad_fn=<CatBackward>)
Batch 6/10:
reward seqs after 3 iterations: tensor([-0.0308], grad_fn=<CatBackward>)
Batch 7/10:
reward seqs after 19 iterations: tensor([-0.0304], grad_fn=<CatBackward>)
Batch 8/10:
reward seqs after 4 iterations: tensor([-0.0303], grad_fn=<CatBackward>)
Batch 9/10:
reward seqs after 24 iterations: tensor([-0.0299], grad_fn=<CatBackward>)
Loss: 0.02989424765110016
Optimal set of params:
mid_point: tensor([[0.4858, 0.1400, 0.4967]])
angle: tensor([3.0707], grad_fn=<SelectBackward>)
gripper_rate: tensor([0.0113], grad_fn=<ClampBackward1>)
Optimal init pose seq: tensor([[0.8848, 0.1400, 0.5251, 1.0000, 0.0000, 0.0000, 0.0000]],
       grad_fn=<SliceBackward>)
=============== Iteration 0 -> model_loss: tensor([0.0299]) ===============
torch.Size([1, 11, 14]) torch.Size([1, 40, 12])
Best init pose: tensor([[0.8848, 0.1400, 0.5251, 1.0000, 0.0000, 0.0000, 0.0000]])
Best model loss: tensor([0.0299])
Spinning at iteration 0
Spinning at iteration 0
Spinning at iteration 0
Spinning at iteration 0
Spinning at iteration 0
Spinning at iteration 0
Spinning at iteration 0
Spinning at iteration 0
Spinning at iteration 0
Spinning at iteration 0
Spinning at iteration 0
Spinning at iteration 0
Spinning at iteration 0
Spinning at iteration 0
Spinning at iteration 0
Spinning at iteration 0
Spinning at iteration 0
Spinning at iteration 0
Spinning at iteration 0
Spinning at iteration 0
Spinning at iteration 1
sampling: max: -0.0240, mean: -0.0264, std: 0.0011
Selected top reward seqs: tensor([-0.0248, -0.0246, -0.0244, -0.0244, -0.0243, -0.0242, -0.0242, -0.0242,
        -0.0242, -0.0240])
Batch 0/10:
reward seqs after 9 iterations: tensor([-0.0254], grad_fn=<CatBackward>)
Batch 1/10:
reward seqs after 19 iterations: tensor([-0.0244], grad_fn=<CatBackward>)
Batch 2/10:
reward seqs after 11 iterations: tensor([-0.0243], grad_fn=<CatBackward>)
Batch 3/10:
reward seqs after 11 iterations: tensor([-0.0245], grad_fn=<CatBackward>)
Batch 4/10:
reward seqs after 10 iterations: tensor([-0.0243], grad_fn=<CatBackward>)
Batch 5/10:
reward seqs after 3 iterations: tensor([-0.0243], grad_fn=<CatBackward>)
Batch 6/10:
reward seqs after 3 iterations: tensor([-0.0243], grad_fn=<CatBackward>)
Batch 7/10:
reward seqs after 3 iterations: tensor([-0.0242], grad_fn=<CatBackward>)
Batch 8/10:
reward seqs after 13 iterations: tensor([-0.0243], grad_fn=<CatBackward>)
Batch 9/10:
reward seqs after 12 iterations: tensor([-0.0244], grad_fn=<CatBackward>)
Loss: 0.024244222790002823
Optimal set of params:
mid_point: tensor([[0.5215, 0.1400, 0.4504]])
angle: tensor([0.6942], grad_fn=<SelectBackward>)
gripper_rate: tensor([0.0113], grad_fn=<ClampBackward1>)
Optimal init pose seq: tensor([[0.2141, 0.1400, 0.7063, 1.0000, 0.0000, 0.0000, 0.0000]],
       grad_fn=<SliceBackward>)
=============== Iteration 1 -> model_loss: tensor([0.0242]) ===============
torch.Size([1, 11, 14]) torch.Size([1, 40, 12])
Best init pose: tensor([[0.2141, 0.1400, 0.7063, 1.0000, 0.0000, 0.0000, 0.0000]])
Best model loss: tensor([0.0242])
Spinning at iteration 1
Spinning at iteration 1
Spinning at iteration 1
Spinning at iteration 1
Spinning at iteration 1
Spinning at iteration 1
Spinning at iteration 1
Spinning at iteration 1
Spinning at iteration 1
Spinning at iteration 1
Spinning at iteration 1
Spinning at iteration 1
Spinning at iteration 1
Spinning at iteration 1
Spinning at iteration 1
Spinning at iteration 1
Spinning at iteration 1
Spinning at iteration 1
Spinning at iteration 1
Spinning at iteration 1
Spinning at iteration 2
